# JRE version: Java(TM) SE Runtime Environment (8.0_201-b09) (build 1.8.0_201-b09)
# Java VM: Java HotSpot(TM) Client VM (25.201-b09 mixed mode windows-x86 )
Heap:
 def new generation   total 60032K, used 53588K [0x08400000, 0x0c520000, 0x0d950000)
  eden space 53376K, 100% used [0x08400000, 0x0b820000, 0x0b820000)
  from space 6656K,   3% used [0x0b820000, 0x0b855250, 0x0bea0000)
  to   space 6656K,   0% used [0x0bea0000, 0x0bea0000, 0x0c520000)
 tenured generation   total 133244K, used 84687K [0x0d950000, 0x15b6f000, 0x18400000)
   the space 133244K,  63% used [0x0d950000, 0x12c03e40, 0x12c04000, 0x15b6f000)
 Metaspace       used 26873K, capacity 27908K, committed 28032K, reserved 28032K
GC Heap History (10 events):
Event: 30.168 GC heap before
{Heap before GC invocations=139 (full 8):
 def new generation   total 60032K, used 54266K [0x08400000, 0x0c520000, 0x0d950000)
  eden space 53376K, 100% used [0x08400000, 0x0b820000, 0x0b820000)
  from space 6656K,  13% used [0x0bea0000, 0x0bf7e978, 0x0c520000)
  to   space 6656K,   0% used [0x0b820000, 0x0b820000, 0x0bea0000)
 tenured generation   total 133244K, used 71578K [0x0d950000, 0x15b6f000, 0x18400000)
   the space 133244K,  53% used [0x0d950000, 0x11f36a98, 0x11f36c00, 0x15b6f000)
 Metaspace       used 26560K, capacity 27588K, committed 27776K, reserved 28032K
Event: 30.173 GC heap after
Heap after GC invocations=140 (full 8):
 def new generation   total 60032K, used 5648K [0x08400000, 0x0c520000, 0x0d950000)
  eden space 53376K,   0% used [0x08400000, 0x08400000, 0x0b820000)
  from space 6656K,  84% used [0x0b820000, 0x0bda4118, 0x0bea0000)
  to   space 6656K,   0% used [0x0bea0000, 0x0bea0000, 0x0c520000)
 tenured generation   total 133244K, used 71578K [0x0d950000, 0x15b6f000, 0x18400000)
   the space 133244K,  53% used [0x0d950000, 0x11f36a98, 0x11f36c00, 0x15b6f000)
 Metaspace       used 26560K, capacity 27588K, committed 27776K, reserved 28032K
}
Event: 41.926 GC heap before
{Heap before GC invocations=140 (full 8):
 def new generation   total 60032K, used 59024K [0x08400000, 0x0c520000, 0x0d950000)
  eden space 53376K, 100% used [0x08400000, 0x0b820000, 0x0b820000)
  from space 6656K,  84% used [0x0b820000, 0x0bda4118, 0x0bea0000)
  to   space 6656K,   0% used [0x0bea0000, 0x0bea0000, 0x0c520000)
 tenured generation   total 133244K, used 71578K [0x0d950000, 0x15b6f000, 0x18400000)
   the space 133244K,  53% used [0x0d950000, 0x11f36a98, 0x11f36c00, 0x15b6f000)
 Metaspace       used 26639K, capacity 27652K, committed 27776K, reserved 28032K
Event: 41.932 GC heap after
Heap after GC invocations=141 (full 8):
 def new generation   total 60032K, used 185K [0x08400000, 0x0c520000, 0x0d950000)
  eden space 53376K,   0% used [0x08400000, 0x08400000, 0x0b820000)
  from space 6656K,   2% used [0x0bea0000, 0x0bece408, 0x0c520000)
  to   space 6656K,   0% used [0x0b820000, 0x0b820000, 0x0bea0000)
 tenured generation   total 133244K, used 84687K [0x0d950000, 0x15b6f000, 0x18400000)
   the space 133244K,  63% used [0x0d950000, 0x12c03e40, 0x12c04000, 0x15b6f000)
 Metaspace       used 26639K, capacity 27652K, committed 27776K, reserved 28032K
}
Event: 55.188 GC heap before
{Heap before GC invocations=141 (full 8):
 def new generation   total 60032K, used 53561K [0x08400000, 0x0c520000, 0x0d950000)
  eden space 53376K, 100% used [0x08400000, 0x0b820000, 0x0b820000)
  from space 6656K,   2% used [0x0bea0000, 0x0bece408, 0x0c520000)
  to   space 6656K,   0% used [0x0b820000, 0x0b820000, 0x0bea0000)
 tenured generation   total 133244K, used 84687K [0x0d950000, 0x15b6f000, 0x18400000)
   the space 133244K,  63% used [0x0d950000, 0x12c03e40, 0x12c04000, 0x15b6f000)
 Metaspace       used 26641K, capacity 27652K, committed 27776K, reserved 28032K
Event: 55.190 GC heap after
Heap after GC invocations=142 (full 8):
 def new generation   total 60032K, used 266K [0x08400000, 0x0c520000, 0x0d950000)
  eden space 53376K,   0% used [0x08400000, 0x08400000, 0x0b820000)
  from space 6656K,   4% used [0x0b820000, 0x0b862ae0, 0x0bea0000)
  to   space 6656K,   0% used [0x0bea0000, 0x0bea0000, 0x0c520000)
 tenured generation   total 133244K, used 84687K [0x0d950000, 0x15b6f000, 0x18400000)
   the space 133244K,  63% used [0x0d950000, 0x12c03e40, 0x12c04000, 0x15b6f000)
 Metaspace       used 26641K, capacity 27652K, committed 27776K, reserved 28032K
}
Event: 61.060 GC heap before
{Heap before GC invocations=142 (full 8):
 def new generation   total 60032K, used 53642K [0x08400000, 0x0c520000, 0x0d950000)
  eden space 53376K, 100% used [0x08400000, 0x0b820000, 0x0b820000)
  from space 6656K,   4% used [0x0b820000, 0x0b862ae0, 0x0bea0000)
  to   space 6656K,   0% used [0x0bea0000, 0x0bea0000, 0x0c520000)
 tenured generation   total 133244K, used 84687K [0x0d950000, 0x15b6f000, 0x18400000)
   the space 133244K,  63% used [0x0d950000, 0x12c03e40, 0x12c04000, 0x15b6f000)
 Metaspace       used 26641K, capacity 27652K, committed 27776K, reserved 28032K
Event: 61.063 GC heap after
Heap after GC invocations=143 (full 8):
 def new generation   total 60032K, used 234K [0x08400000, 0x0c520000, 0x0d950000)
  eden space 53376K,   0% used [0x08400000, 0x08400000, 0x0b820000)
  from space 6656K,   3% used [0x0bea0000, 0x0bedaa48, 0x0c520000)
  to   space 6656K,   0% used [0x0b820000, 0x0b820000, 0x0bea0000)
 tenured generation   total 133244K, used 84687K [0x0d950000, 0x15b6f000, 0x18400000)
   the space 133244K,  63% used [0x0d950000, 0x12c03e40, 0x12c04000, 0x15b6f000)
 Metaspace       used 26641K, capacity 27652K, committed 27776K, reserved 28032K
}
Event: 71.154 GC heap before
{Heap before GC invocations=143 (full 8):
 def new generation   total 60032K, used 53610K [0x08400000, 0x0c520000, 0x0d950000)
  eden space 53376K, 100% used [0x08400000, 0x0b820000, 0x0b820000)
  from space 6656K,   3% used [0x0bea0000, 0x0bedaa48, 0x0c520000)
  to   space 6656K,   0% used [0x0b820000, 0x0b820000, 0x0bea0000)
 tenured generation   total 133244K, used 84687K [0x0d950000, 0x15b6f000, 0x18400000)
   the space 133244K,  63% used [0x0d950000, 0x12c03e40, 0x12c04000, 0x15b6f000)
 Metaspace       used 26641K, capacity 27652K, committed 27776K, reserved 28032K
Event: 71.156 GC heap after
Heap after GC invocations=144 (full 8):
 def new generation   total 60032K, used 212K [0x08400000, 0x0c520000, 0x0d950000)
  eden space 53376K,   0% used [0x08400000, 0x08400000, 0x0b820000)
  from space 6656K,   3% used [0x0b820000, 0x0b855250, 0x0bea0000)
  to   space 6656K,   0% used [0x0bea0000, 0x0bea0000, 0x0c520000)
 tenured generation   total 133244K, used 84687K [0x0d950000, 0x15b6f000, 0x18400000)
   the space 133244K,  63% used [0x0d950000, 0x12c03e40, 0x12c04000, 0x15b6f000)
 Metaspace       used 26641K, capacity 27652K, committed 27776K, reserved 28032K
}

